<?xml version="1.0" encoding="UTF-8"?>
<testsuite xmlns:xsi="http://www.w3.org/2001/XMLSchema-instance" xsi:noNamespaceSchemaLocation="https://maven.apache.org/surefire/maven-surefire-plugin/xsd/surefire-test-report-3.0.xsd" version="3.0" name="TestSuite" time="67.809" tests="3" errors="0" skipped="0" failures="2">
  <properties>
[...]
</properties>
  <testcase name="login" classname="tests.loginpage" time="22.129">
    <failure message="expected [true] but found [false]" type="java.lang.AssertionError"><![CDATA[java.lang.AssertionError: expected [true] but found [false]
	at tests.loginpage.login(loginpage.java:37)
]]></failure>
    <system-out><![CDATA[LOGIN FAILED
]]></system-out>
    <system-err><![CDATA[Starting ChromeDriver 86.0.4240.22 (398b0743353ff36fb1b82468f63a3a93b4e2e89e-refs/branch-heads/4240@{#378}) on port 27961
Only local connections are allowed.
Please see https://chromedriver.chromium.org/security-considerations for suggestions on keeping ChromeDriver safe.
ChromeDriver was started successfully.
Cleaning up unclosed ZipFile for archive C:\Users\kokul\eclipse-workspace\DEMOGURUBANKING\src\main\java\resources\logdata.xlsx
[1608270557.601][WARNING]: This version of ChromeDriver has not been tested with Chrome version 87.
Dec 18, 2020 11:19:19 AM org.openqa.selenium.remote.ProtocolHandshake createSession
INFO: Detected dialect: W3C
]]></system-err>
  </testcase>
  <testcase name="login" classname="tests.loginpage" time="16.054"/>
  <testcase name="login" classname="tests.loginpage" time="25.268">
    <failure message="expected [true] but found [false]" type="java.lang.AssertionError"><![CDATA[java.lang.AssertionError: expected [true] but found [false]
	at tests.loginpage.login(loginpage.java:37)
]]></failure>
    <system-out><![CDATA[LOGIN FAILED
]]></system-out>
    <system-err><![CDATA[Starting ChromeDriver 86.0.4240.22 (398b0743353ff36fb1b82468f63a3a93b4e2e89e-refs/branch-heads/4240@{#378}) on port 46977
Only local connections are allowed.
Please see https://chromedriver.chromium.org/security-considerations for suggestions on keeping ChromeDriver safe.
ChromeDriver was started successfully.
[1608270595.181][WARNING]: This version of ChromeDriver has not been tested with Chrome version 87.
Dec 18, 2020 11:19:57 AM org.openqa.selenium.remote.ProtocolHandshake createSession
INFO: Detected dialect: W3C
]]></system-err>
  </testcase>
</testsuite>